[20:57:42] [ServerMain/INFO]: Environment: authHost='https://authserver.mojang.com', accountsHost='https://api.mojang.com', sessionHost='https://sessionserver.mojang.com', servicesHost='https://api.minecraftservices.com', name='PROD'
[20:57:43] [ServerMain/INFO]: Loaded 7 recipes
[20:57:43] [ServerMain/INFO]: Loaded 1271 advancements
[20:57:44] [Server thread/INFO]: Starting minecraft server version 1.20.1
[20:57:44] [Server thread/INFO]: Loading properties
[20:57:44] [Server thread/INFO]: Default game type: SURVIVAL
[20:57:44] [Server thread/INFO]: Generating keypair
[20:57:44] [Server thread/INFO]: Starting Minecraft server on *:25565
[20:57:44] [Server thread/INFO]: Using epoll channel type
[20:57:44] [Server thread/WARN]: **** SERVER IS RUNNING IN OFFLINE/INSECURE MODE!
[20:57:44] [Server thread/WARN]: The server will make no attempt to authenticate usernames. Beware.
[20:57:44] [Server thread/WARN]: While this makes the game possible to play without internet access, it also opens up the ability for hackers to connect with any username they choose.
[20:57:44] [Server thread/WARN]: To change this, set "online-mode" to "true" in the server.properties file.
[20:57:44] [Server thread/INFO]: Preparing level "world"
[20:57:50] [Server thread/INFO]: Preparing start region for dimension minecraft:overworld
[20:57:51] [Worker-Main-2/INFO]: Preparing spawn area: 0%
[20:57:51] [Worker-Main-2/INFO]: Preparing spawn area: 0%
[20:57:51] [Worker-Main-2/INFO]: Preparing spawn area: 0%
[20:57:51] [Worker-Main-1/INFO]: Preparing spawn area: 0%
[20:57:52] [Worker-Main-1/INFO]: Preparing spawn area: 0%
[20:57:52] [Worker-Main-3/INFO]: Preparing spawn area: 0%
[20:57:53] [Worker-Main-2/INFO]: Preparing spawn area: 1%
[20:57:53] [Worker-Main-1/INFO]: Preparing spawn area: 2%
[20:57:54] [Worker-Main-3/INFO]: Preparing spawn area: 3%
[20:57:54] [Worker-Main-3/INFO]: Preparing spawn area: 4%
[20:57:55] [Worker-Main-1/INFO]: Preparing spawn area: 5%
[20:57:55] [Worker-Main-1/INFO]: Preparing spawn area: 6%
[20:57:56] [Worker-Main-1/INFO]: Preparing spawn area: 7%
[20:57:56] [Worker-Main-1/INFO]: Preparing spawn area: 9%
[20:57:57] [Worker-Main-1/INFO]: Preparing spawn area: 10%
[20:57:57] [Worker-Main-1/INFO]: Preparing spawn area: 12%
[20:57:58] [Worker-Main-3/INFO]: Preparing spawn area: 15%
[20:57:58] [Worker-Main-3/INFO]: Preparing spawn area: 17%
[20:57:59] [Worker-Main-2/INFO]: Preparing spawn area: 19%
[20:57:59] [Worker-Main-2/INFO]: Preparing spawn area: 21%
[20:58:00] [Worker-Main-2/INFO]: Preparing spawn area: 23%
[20:58:00] [Worker-Main-1/INFO]: Preparing spawn area: 25%
[20:58:01] [Worker-Main-3/INFO]: Preparing spawn area: 27%
[20:58:01] [Worker-Main-2/INFO]: Preparing spawn area: 30%
[20:58:02] [Worker-Main-1/INFO]: Preparing spawn area: 32%
[20:58:02] [Worker-Main-3/INFO]: Preparing spawn area: 34%
[20:58:03] [Worker-Main-1/INFO]: Preparing spawn area: 36%
[20:58:03] [Worker-Main-1/INFO]: Preparing spawn area: 38%
[20:58:04] [Worker-Main-1/INFO]: Preparing spawn area: 42%
[20:58:04] [Worker-Main-3/INFO]: Preparing spawn area: 43%
[20:58:05] [Worker-Main-2/INFO]: Preparing spawn area: 45%
[20:58:05] [Worker-Main-3/INFO]: Preparing spawn area: 48%
[20:58:06] [Worker-Main-1/INFO]: Preparing spawn area: 51%
[20:58:06] [Worker-Main-1/INFO]: Preparing spawn area: 54%
[20:58:07] [Worker-Main-1/INFO]: Preparing spawn area: 56%
[20:58:07] [Worker-Main-1/INFO]: Preparing spawn area: 58%
[20:58:08] [Worker-Main-2/INFO]: Preparing spawn area: 62%
[20:58:08] [Worker-Main-1/INFO]: Preparing spawn area: 65%
[20:58:09] [Worker-Main-1/INFO]: Preparing spawn area: 68%
[20:58:09] [Worker-Main-3/INFO]: Preparing spawn area: 70%
[20:58:10] [Worker-Main-3/INFO]: Preparing spawn area: 74%
[20:58:10] [Worker-Main-3/INFO]: Preparing spawn area: 78%
[20:58:11] [Worker-Main-2/INFO]: Preparing spawn area: 81%
[20:58:11] [Worker-Main-2/INFO]: Preparing spawn area: 83%
[20:58:12] [Worker-Main-3/INFO]: Preparing spawn area: 85%
[20:58:12] [Worker-Main-3/INFO]: Preparing spawn area: 89%
[20:58:13] [Worker-Main-1/INFO]: Preparing spawn area: 93%
[20:58:13] [Worker-Main-1/INFO]: Preparing spawn area: 98%
[20:58:13] [Server thread/INFO]: Time elapsed: 23703 ms
[20:58:13] [Server thread/INFO]: Done (29.546s)! For help, type "help"
[20:58:13] [Server thread/INFO]: Unknown or incomplete command, see below for error
[20:58:13] [Server thread/INFO]: home/codespace/.python/current/bin/python "/workspaces/server/msx (1).py"<--[HERE]
[20:58:21] [Server thread/INFO]: zfakeinq[/127.162.19.129:45347] logged in with entity id 146 at (2.5, 75.0, 2.5)
[20:58:21] [Server thread/INFO]: zfakeinq joined the game
[21:08:15] [Server thread/INFO]: zfakeinq lost connection: Disconnected
[21:08:15] [Server thread/INFO]: zfakeinq left the game
[21:17:46] [Server thread/INFO]: Stopping the server
[21:17:46] [Server thread/INFO]: Stopping server
[21:17:46] [Server thread/INFO]: Saving players
[21:17:46] [Server thread/INFO]: Saving worlds
[21:17:47] [Server thread/INFO]: Saving chunks for level 'ServerLevel[world]'/minecraft:overworld
